\BOOKMARK [1][-]{section.1}{\376\377\000I\000n\000t\000r\000o\000d\000u\000c\000t\000i\000o\000n}{}% 1
\BOOKMARK [1][-]{section.2}{\376\377\000H\000i\000s\000t\000o\000r\000i\000c\000a\000l\000\040\000B\000a\000c\000k\000g\000r\000o\000u\000n\000d}{}% 2
\BOOKMARK [1][-]{section.3}{\376\377\000A\000p\000p\000l\000i\000c\000a\000t\000i\000o\000n\000s}{}% 3
\BOOKMARK [1][-]{section.4}{\376\377\000T\000h\000e\000\040\000P\000r\000o\000b\000l\000e\000m\000\040\000D\000e\000f\000i\000n\000i\000t\000i\000o\000n}{}% 4
\BOOKMARK [1][-]{section.5}{\376\377\000A\000\040\000N\000a\000i\000v\000e\000\040\000S\000o\000l\000u\000t\000i\000o\000n}{}% 5
\BOOKMARK [1][-]{section.6}{\376\377\000H\000u\000f\000f\000m\000a\000n\000'\000s\000\040\000A\000l\000g\000o\000r\000i\000t\000h\000m}{}% 6
\BOOKMARK [2][-]{subsection.6.1}{\376\377\000T\000h\000e\000\040\000I\000d\000e\000a}{section.6}% 7
\BOOKMARK [2][-]{subsection.6.2}{\376\377\000S\000t\000e\000p\000s}{section.6}% 8
\BOOKMARK [2][-]{subsection.6.3}{\376\377\000P\000s\000e\000u\000d\000o\000c\000o\000d\000e}{section.6}% 9
\BOOKMARK [2][-]{subsection.6.4}{\376\377\000P\000r\000o\000p\000e\000r\000t\000i\000e\000s}{section.6}% 10
\BOOKMARK [2][-]{subsection.6.5}{\376\377\000T\000h\000e\000\040\000I\000n\000t\000u\000i\000t\000i\000o\000n}{section.6}% 11
\BOOKMARK [1][-]{section.7}{\376\377\000T\000h\000e\000\040\000H\000u\000f\000f\000m\000a\000n\000\040\000T\000r\000e\000e}{}% 12
\BOOKMARK [2][-]{subsection.7.1}{\376\377\000P\000r\000o\000p\000e\000r\000t\000i\000e\000s}{section.7}% 13
\BOOKMARK [2][-]{subsection.7.2}{\376\377\000C\000o\000n\000s\000t\000r\000u\000c\000t\000i\000o\000n\000\040\000o\000f\000\040\000H\000u\000f\000f\000m\000a\000n\000\040\000T\000r\000e\000e}{section.7}% 14
\BOOKMARK [2][-]{subsection.7.3}{\376\377\000I\000n\000t\000e\000r\000p\000r\000e\000t\000a\000t\000i\000o\000n\000\040\000o\000f\000\040\000H\000u\000f\000f\000m\000a\000n\000\040\000T\000r\000e\000e}{section.7}% 15
\BOOKMARK [2][-]{subsection.7.4}{\376\377\000C\000o\000m\000p\000a\000r\000i\000s\000o\000n}{section.7}% 16
\BOOKMARK [1][-]{section.8}{\376\377\000E\000n\000c\000o\000d\000i\000n\000g}{}% 17
\BOOKMARK [2][-]{subsection.8.1}{\376\377\000A\000n\000\040\000E\000x\000a\000m\000p\000l\000e}{section.8}% 18
\BOOKMARK [2][-]{subsection.8.2}{\376\377\000E\000f\000f\000i\000c\000i\000e\000n\000c\000y\000\040\000o\000f\000\040\000E\000n\000c\000o\000d\000i\000n\000g}{section.8}% 19
\BOOKMARK [1][-]{section.9}{\376\377\000D\000e\000c\000o\000d\000i\000n\000g}{}% 20
\BOOKMARK [2][-]{subsection.9.1}{\376\377\000A\000n\000\040\000E\000x\000a\000m\000p\000l\000e}{section.9}% 21
\BOOKMARK [1][-]{section.10}{\376\377\000T\000i\000m\000e\000\040\000C\000o\000m\000p\000l\000e\000x\000i\000t\000y\000\040\000A\000n\000a\000l\000y\000s\000i\000s}{}% 22
\BOOKMARK [2][-]{subsection.10.1}{\376\377\000B\000u\000i\000l\000d\000i\000n\000g\000\040\000F\000r\000e\000q\000u\000e\000n\000c\000y\000\040\000T\000a\000b\000l\000e}{section.10}% 23
\BOOKMARK [2][-]{subsection.10.2}{\376\377\000B\000u\000i\000l\000d\000i\000n\000g\000\040\000T\000h\000e\000\040\000H\000u\000f\000f\000m\000a\000n\000\040\000T\000r\000e\000e}{section.10}% 24
\BOOKMARK [2][-]{subsection.10.3}{\376\377\000G\000e\000n\000e\000r\000a\000t\000i\000n\000g\000\040\000H\000u\000f\000f\000m\000a\000n\000\040\000C\000o\000d\000e\000s}{section.10}% 25
\BOOKMARK [2][-]{subsection.10.4}{\376\377\000E\000n\000c\000o\000d\000i\000n\000g\000\040\000a\000\040\000M\000e\000s\000s\000a\000g\000e}{section.10}% 26
\BOOKMARK [2][-]{subsection.10.5}{\376\377\000D\000e\000c\000o\000d\000i\000n\000g\000\040\000a\000\040\000M\000e\000s\000s\000a\000g\000e}{section.10}% 27
\BOOKMARK [1][-]{section.11}{\376\377\000C\000o\000n\000c\000l\000u\000s\000i\000o\000n}{}% 28
